# JRE version: OpenJDK Runtime Environment (8.0_242-b08) (build 1.8.0_242-8u242-b08-0ubuntu3~16.04-b08)
# Java VM: OpenJDK 64-Bit Server VM (25.242-b08 mixed mode linux-amd64 compressed oops)
Heap:
 PSYoungGen      total 64000K, used 2559K [0x00000000ec700000, 0x00000000f0800000, 0x0000000100000000)
  eden space 61440K, 0% used [0x00000000ec700000,0x00000000ec700000,0x00000000f0300000)
  from space 2560K, 99% used [0x00000000f0300000,0x00000000f057fe90,0x00000000f0580000)
  to   space 2560K, 0% used [0x00000000f0580000,0x00000000f0580000,0x00000000f0800000)
 ParOldGen       total 40960K, used 8514K [0x00000000c5400000, 0x00000000c7c00000, 0x00000000ec700000)
  object space 40960K, 20% used [0x00000000c5400000,0x00000000c5c50800,0x00000000c7c00000)
 Metaspace       used 17946K, capacity 19196K, committed 19328K, reserved 1067008K
  class space    used 2367K, capacity 2607K, committed 2688K, reserved 1048576K
GC Heap History (9 events):
Event: 0,509 GC heap before
{Heap before GC invocations=1 (full 0):
 PSYoungGen      total 17920K, used 15360K [0x00000000ec700000, 0x00000000edb00000, 0x0000000100000000)
  eden space 15360K, 100% used [0x00000000ec700000,0x00000000ed600000,0x00000000ed600000)
  from space 2560K, 0% used [0x00000000ed880000,0x00000000ed880000,0x00000000edb00000)
  to   space 2560K, 0% used [0x00000000ed600000,0x00000000ed600000,0x00000000ed880000)
 ParOldGen       total 40960K, used 0K [0x00000000c5400000, 0x00000000c7c00000, 0x00000000ec700000)
  object space 40960K, 0% used [0x00000000c5400000,0x00000000c5400000,0x00000000c7c00000)
 Metaspace       used 6285K, capacity 6540K, committed 6784K, reserved 1056768K
  class space    used 711K, capacity 794K, committed 896K, reserved 1048576K
Event: 0,526 GC heap after
Heap after GC invocations=1 (full 0):
 PSYoungGen      total 17920K, used 2393K [0x00000000ec700000, 0x00000000eea00000, 0x0000000100000000)
  eden space 15360K, 0% used [0x00000000ec700000,0x00000000ec700000,0x00000000ed600000)
  from space 2560K, 93% used [0x00000000ed600000,0x00000000ed856608,0x00000000ed880000)
  to   space 2560K, 0% used [0x00000000ee780000,0x00000000ee780000,0x00000000eea00000)
 ParOldGen       total 40960K, used 8K [0x00000000c5400000, 0x00000000c7c00000, 0x00000000ec700000)
  object space 40960K, 0% used [0x00000000c5400000,0x00000000c5402000,0x00000000c7c00000)
 Metaspace       used 6285K, capacity 6540K, committed 6784K, reserved 1056768K
  class space    used 711K, capacity 794K, committed 896K, reserved 1048576K
}
Event: 0,884 GC heap before
{Heap before GC invocations=2 (full 0):
 PSYoungGen      total 17920K, used 17753K [0x00000000ec700000, 0x00000000eea00000, 0x0000000100000000)
  eden space 15360K, 100% used [0x00000000ec700000,0x00000000ed600000,0x00000000ed600000)
  from space 2560K, 93% used [0x00000000ed600000,0x00000000ed856608,0x00000000ed880000)
  to   space 2560K, 0% used [0x00000000ee780000,0x00000000ee780000,0x00000000eea00000)
 ParOldGen       total 40960K, used 8K [0x00000000c5400000, 0x00000000c7c00000, 0x00000000ec700000)
  object space 40960K, 0% used [0x00000000c5400000,0x00000000c5402000,0x00000000c7c00000)
 Metaspace       used 8331K, capacity 8874K, committed 9088K, reserved 1056768K
  class space    used 1007K, capacity 1133K, committed 1152K, reserved 1048576K
Event: 0,889 GC heap after
Heap after GC invocations=2 (full 0):
 PSYoungGen      total 33280K, used 2540K [0x00000000ec700000, 0x00000000eea00000, 0x0000000100000000)
  eden space 30720K, 0% used [0x00000000ec700000,0x00000000ec700000,0x00000000ee500000)
  from space 2560K, 99% used [0x00000000ee780000,0x00000000ee9fb2e0,0x00000000eea00000)
  to   space 2560K, 0% used [0x00000000ee500000,0x00000000ee500000,0x00000000ee780000)
 ParOldGen       total 40960K, used 160K [0x00000000c5400000, 0x00000000c7c00000, 0x00000000ec700000)
  object space 40960K, 0% used [0x00000000c5400000,0x00000000c5428260,0x00000000c7c00000)
 Metaspace       used 8331K, capacity 8874K, committed 9088K, reserved 1056768K
  class space    used 1007K, capacity 1133K, committed 1152K, reserved 1048576K
}
Event: 1,473 GC heap before
{Heap before GC invocations=3 (full 0):
 PSYoungGen      total 33280K, used 33260K [0x00000000ec700000, 0x00000000eea00000, 0x0000000100000000)
  eden space 30720K, 100% used [0x00000000ec700000,0x00000000ee500000,0x00000000ee500000)
  from space 2560K, 99% used [0x00000000ee780000,0x00000000ee9fb2e0,0x00000000eea00000)
  to   space 2560K, 0% used [0x00000000ee500000,0x00000000ee500000,0x00000000ee780000)
 ParOldGen       total 40960K, used 160K [0x00000000c5400000, 0x00000000c7c00000, 0x00000000ec700000)
  object space 40960K, 0% used [0x00000000c5400000,0x00000000c5428260,0x00000000c7c00000)
 Metaspace       used 11213K, capacity 12140K, committed 12416K, reserved 1060864K
  class space    used 1386K, capacity 1591K, committed 1664K, reserved 1048576K
Event: 1,481 GC heap after
Heap after GC invocations=3 (full 0):
 PSYoungGen      total 33280K, used 2546K [0x00000000ec700000, 0x00000000f0800000, 0x0000000100000000)
  eden space 30720K, 0% used [0x00000000ec700000,0x00000000ec700000,0x00000000ee500000)
  from space 2560K, 99% used [0x00000000ee500000,0x00000000ee77c8f8,0x00000000ee780000)
  to   space 2560K, 0% used [0x00000000f0580000,0x00000000f0580000,0x00000000f0800000)
 ParOldGen       total 40960K, used 2000K [0x00000000c5400000, 0x00000000c7c00000, 0x00000000ec700000)
  object space 40960K, 4% used [0x00000000c5400000,0x00000000c55f4300,0x00000000c7c00000)
 Metaspace       used 11213K, capacity 12140K, committed 12416K, reserved 1060864K
  class space    used 1386K, capacity 1591K, committed 1664K, reserved 1048576K
}
Event: 1,911 GC heap before
{Heap before GC invocations=4 (full 0):
 PSYoungGen      total 33280K, used 33266K [0x00000000ec700000, 0x00000000f0800000, 0x0000000100000000)
  eden space 30720K, 100% used [0x00000000ec700000,0x00000000ee500000,0x00000000ee500000)
  from space 2560K, 99% used [0x00000000ee500000,0x00000000ee77c8f8,0x00000000ee780000)
  to   space 2560K, 0% used [0x00000000f0580000,0x00000000f0580000,0x00000000f0800000)
 ParOldGen       total 40960K, used 2000K [0x00000000c5400000, 0x00000000c7c00000, 0x00000000ec700000)
  object space 40960K, 4% used [0x00000000c5400000,0x00000000c55f4300,0x00000000c7c00000)
 Metaspace       used 13930K, capacity 14932K, committed 15104K, reserved 1062912K
  class space    used 1726K, capacity 1949K, committed 2048K, reserved 1048576K
Event: 1,918 GC heap after
Heap after GC invocations=4 (full 0):
 PSYoungGen      total 64000K, used 2548K [0x00000000ec700000, 0x00000000f0800000, 0x0000000100000000)
  eden space 61440K, 0% used [0x00000000ec700000,0x00000000ec700000,0x00000000f0300000)
  from space 2560K, 99% used [0x00000000f0580000,0x00000000f07fd370,0x00000000f0800000)
  to   space 2560K, 0% used [0x00000000f0300000,0x00000000f0300000,0x00000000f0580000)
 ParOldGen       total 40960K, used 4257K [0x00000000c5400000, 0x00000000c7c00000, 0x00000000ec700000)
  object space 40960K, 10% used [0x00000000c5400000,0x00000000c5828578,0x00000000c7c00000)
 Metaspace       used 13930K, capacity 14932K, committed 15104K, reserved 1062912K
  class space    used 1726K, capacity 1949K, committed 2048K, reserved 1048576K
}
Event: 2,692 GC heap before
{Heap before GC invocations=5 (full 0):
 PSYoungGen      total 64000K, used 63988K [0x00000000ec700000, 0x00000000f0800000, 0x0000000100000000)
  eden space 61440K, 100% used [0x00000000ec700000,0x00000000f0300000,0x00000000f0300000)
  from space 2560K, 99% used [0x00000000f0580000,0x00000000f07fd370,0x00000000f0800000)
  to   space 2560K, 0% used [0x00000000f0300000,0x00000000f0300000,0x00000000f0580000)
 ParOldGen       total 40960K, used 4257K [0x00000000c5400000, 0x00000000c7c00000, 0x00000000ec700000)
  object space 40960K, 10% used [0x00000000c5400000,0x00000000c5828578,0x00000000c7c00000)
 Metaspace       used 17946K, capacity 19196K, committed 19328K, reserved 1067008K
  class space    used 2367K, capacity 2607K, committed 2688K, reserved 1048576K

