# JRE version: OpenJDK Runtime Environment (8.0_242-b08) (build 1.8.0_242-8u242-b08-0ubuntu3~16.04-b08)
# Java VM: OpenJDK 64-Bit Server VM (25.242-b08 mixed mode linux-amd64 compressed oops)
Heap:
 PSYoungGen      total 171520K, used 20974K [0x00000000ec700000, 0x00000000fa080000, 0x0000000100000000)
  eden space 150528K, 0% used [0x00000000ec700000,0x00000000ec700000,0x00000000f5a00000)
  from space 20992K, 99% used [0x00000000f7780000,0x00000000f8bfb968,0x00000000f8c00000)
  to   space 15360K, 0% used [0x00000000f9180000,0x00000000f9180000,0x00000000fa080000)
 ParOldGen       total 55808K, used 30547K [0x00000000c5400000, 0x00000000c8a80000, 0x00000000ec700000)
  object space 55808K, 54% used [0x00000000c5400000,0x00000000c71d4f18,0x00000000c8a80000)
 Metaspace       used 25599K, capacity 26442K, committed 26800K, reserved 1073152K
  class space    used 2903K, capacity 3122K, committed 3248K, reserved 1048576K
GC Heap History (10 events):
Event: 4,092 GC heap after
Heap after GC invocations=7 (full 0):
 PSYoungGen      total 68608K, used 8704K [0x00000000ec700000, 0x00000000f5400000, 0x0000000100000000)
  eden space 59904K, 0% used [0x00000000ec700000,0x00000000ec700000,0x00000000f0180000)
  from space 8704K, 100% used [0x00000000f0180000,0x00000000f0a00000,0x00000000f0a00000)
  to   space 12288K, 0% used [0x00000000f4800000,0x00000000f4800000,0x00000000f5400000)
 ParOldGen       total 40960K, used 12874K [0x00000000c5400000, 0x00000000c7c00000, 0x00000000ec700000)
  object space 40960K, 31% used [0x00000000c5400000,0x00000000c6092be0,0x00000000c7c00000)
 Metaspace       used 15276K, capacity 15580K, committed 15744K, reserved 1062912K
  class space    used 1796K, capacity 1889K, committed 1920K, reserved 1048576K
}
Event: 4,649 GC heap before
{Heap before GC invocations=8 (full 0):
 PSYoungGen      total 68608K, used 68608K [0x00000000ec700000, 0x00000000f5400000, 0x0000000100000000)
  eden space 59904K, 100% used [0x00000000ec700000,0x00000000f0180000,0x00000000f0180000)
  from space 8704K, 100% used [0x00000000f0180000,0x00000000f0a00000,0x00000000f0a00000)
  to   space 12288K, 0% used [0x00000000f4800000,0x00000000f4800000,0x00000000f5400000)
 ParOldGen       total 40960K, used 12874K [0x00000000c5400000, 0x00000000c7c00000, 0x00000000ec700000)
  object space 40960K, 31% used [0x00000000c5400000,0x00000000c6092be0,0x00000000c7c00000)
 Metaspace       used 15644K, capacity 16032K, committed 16384K, reserved 1062912K
  class space    used 1810K, capacity 1927K, committed 2048K, reserved 1048576K
Event: 4,685 GC heap after
Heap after GC invocations=8 (full 0):
 PSYoungGen      total 129536K, used 12288K [0x00000000ec700000, 0x00000000f5900000, 0x0000000100000000)
  eden space 117248K, 0% used [0x00000000ec700000,0x00000000ec700000,0x00000000f3980000)
  from space 12288K, 100% used [0x00000000f4800000,0x00000000f5400000,0x00000000f5400000)
  to   space 14848K, 0% used [0x00000000f3980000,0x00000000f3980000,0x00000000f4800000)
 ParOldGen       total 40960K, used 14349K [0x00000000c5400000, 0x00000000c7c00000, 0x00000000ec700000)
  object space 40960K, 35% used [0x00000000c5400000,0x00000000c6203718,0x00000000c7c00000)
 Metaspace       used 15644K, capacity 16032K, committed 16384K, reserved 1062912K
  class space    used 1810K, capacity 1927K, committed 2048K, reserved 1048576K
}
Event: 6,303 GC heap before
{Heap before GC invocations=9 (full 0):
 PSYoungGen      total 129536K, used 113076K [0x00000000ec700000, 0x00000000f5900000, 0x0000000100000000)
  eden space 117248K, 85% used [0x00000000ec700000,0x00000000f296d0e0,0x00000000f3980000)
  from space 12288K, 100% used [0x00000000f4800000,0x00000000f5400000,0x00000000f5400000)
  to   space 14848K, 0% used [0x00000000f3980000,0x00000000f3980000,0x00000000f4800000)
 ParOldGen       total 40960K, used 14349K [0x00000000c5400000, 0x00000000c7c00000, 0x00000000ec700000)
  object space 40960K, 35% used [0x00000000c5400000,0x00000000c6203718,0x00000000c7c00000)
 Metaspace       used 20644K, capacity 21218K, committed 21296K, reserved 1069056K
  class space    used 2419K, capacity 2570K, committed 2608K, reserved 1048576K
Event: 6,334 GC heap after
Heap after GC invocations=9 (full 0):
 PSYoungGen      total 132096K, used 14821K [0x00000000ec700000, 0x00000000fa480000, 0x0000000100000000)
  eden space 117248K, 0% used [0x00000000ec700000,0x00000000ec700000,0x00000000f3980000)
  from space 14848K, 99% used [0x00000000f3980000,0x00000000f47f9720,0x00000000f4800000)
  to   space 19456K, 0% used [0x00000000f9180000,0x00000000f9180000,0x00000000fa480000)
 ParOldGen       total 40960K, used 19998K [0x00000000c5400000, 0x00000000c7c00000, 0x00000000ec700000)
  object space 40960K, 48% used [0x00000000c5400000,0x00000000c6787b68,0x00000000c7c00000)
 Metaspace       used 20644K, capacity 21218K, committed 21296K, reserved 1069056K
  class space    used 2419K, capacity 2570K, committed 2608K, reserved 1048576K
}
Event: 6,334 GC heap before
{Heap before GC invocations=10 (full 1):
 PSYoungGen      total 132096K, used 14821K [0x00000000ec700000, 0x00000000fa480000, 0x0000000100000000)
  eden space 117248K, 0% used [0x00000000ec700000,0x00000000ec700000,0x00000000f3980000)
  from space 14848K, 99% used [0x00000000f3980000,0x00000000f47f9720,0x00000000f4800000)
  to   space 19456K, 0% used [0x00000000f9180000,0x00000000f9180000,0x00000000fa480000)
 ParOldGen       total 40960K, used 19998K [0x00000000c5400000, 0x00000000c7c00000, 0x00000000ec700000)
  object space 40960K, 48% used [0x00000000c5400000,0x00000000c6787b68,0x00000000c7c00000)
 Metaspace       used 20644K, capacity 21218K, committed 21296K, reserved 1069056K
  class space    used 2419K, capacity 2570K, committed 2608K, reserved 1048576K
Event: 6,539 GC heap after
Heap after GC invocations=10 (full 1):
 PSYoungGen      total 132096K, used 0K [0x00000000ec700000, 0x00000000fa480000, 0x0000000100000000)
  eden space 117248K, 0% used [0x00000000ec700000,0x00000000ec700000,0x00000000f3980000)
  from space 14848K, 0% used [0x00000000f3980000,0x00000000f3980000,0x00000000f4800000)
  to   space 19456K, 0% used [0x00000000f9180000,0x00000000f9180000,0x00000000fa480000)
 ParOldGen       total 55808K, used 26233K [0x00000000c5400000, 0x00000000c8a80000, 0x00000000ec700000)
  object space 55808K, 47% used [0x00000000c5400000,0x00000000c6d9e400,0x00000000c8a80000)
 Metaspace       used 20644K, capacity 21218K, committed 21296K, reserved 1069056K
  class space    used 2419K, capacity 2570K, committed 2608K, reserved 1048576K
}
Event: 8,624 GC heap before
{Heap before GC invocations=11 (full 1):
 PSYoungGen      total 132096K, used 117248K [0x00000000ec700000, 0x00000000fa480000, 0x0000000100000000)
  eden space 117248K, 100% used [0x00000000ec700000,0x00000000f3980000,0x00000000f3980000)
  from space 14848K, 0% used [0x00000000f3980000,0x00000000f3980000,0x00000000f4800000)
  to   space 19456K, 0% used [0x00000000f9180000,0x00000000f9180000,0x00000000fa480000)
 ParOldGen       total 55808K, used 26233K [0x00000000c5400000, 0x00000000c8a80000, 0x00000000ec700000)
  object space 55808K, 47% used [0x00000000c5400000,0x00000000c6d9e400,0x00000000c8a80000)
 Metaspace       used 23315K, capacity 23974K, committed 24240K, reserved 1071104K
  class space    used 2688K, capacity 2870K, committed 2992K, reserved 1048576K
Event: 8,663 GC heap after
Heap after GC invocations=11 (full 1):
 PSYoungGen      total 165888K, used 14977K [0x00000000ec700000, 0x00000000fa080000, 0x0000000100000000)
  eden space 150528K, 0% used [0x00000000ec700000,0x00000000ec700000,0x00000000f5a00000)
  from space 15360K, 97% used [0x00000000f9180000,0x00000000fa020740,0x00000000fa080000)
  to   space 20992K, 0% used [0x00000000f7780000,0x00000000f7780000,0x00000000f8c00000)
 ParOldGen       total 55808K, used 26241K [0x00000000c5400000, 0x00000000c8a80000, 0x00000000ec700000)
  object space 55808K, 47% used [0x00000000c5400000,0x00000000c6da0400,0x00000000c8a80000)
 Metaspace       used 23315K, capacity 23974K, committed 24240K, reserved 1071104K
  class space    used 2688K, capacity 2870K, committed 2992K, reserved 1048576K
}
Event: 53,382 GC heap before
{Heap before GC invocations=12 (full 1):
 PSYoungGen      total 165888K, used 165505K [0x00000000ec700000, 0x00000000fa080000, 0x0000000100000000)
  eden space 150528K, 100% used [0x00000000ec700000,0x00000000f5a00000,0x00000000f5a00000)
  from space 15360K, 97% used [0x00000000f9180000,0x00000000fa020740,0x00000000fa080000)
  to   space 20992K, 0% used [0x00000000f7780000,0x00000000f7780000,0x00000000f8c00000)
 ParOldGen       total 55808K, used 26241K [0x00000000c5400000, 0x00000000c8a80000, 0x00000000ec700000)
  object space 55808K, 47% used [0x00000000c5400000,0x00000000c6da0400,0x00000000c8a80000)
 Metaspace       used 25599K, capacity 26442K, committed 26800K, reserved 1073152K
  class space    used 2903K, capacity 3122K, committed 3248K, reserved 1048576K

