# JRE version: OpenJDK Runtime Environment (8.0_242-b08) (build 1.8.0_242-8u242-b08-0ubuntu3~16.04-b08)
# Java VM: OpenJDK 64-Bit Server VM (25.242-b08 mixed mode linux-amd64 compressed oops)
Heap:
 PSYoungGen      total 171008K, used 20985K [0x00000000ec700000, 0x00000000fa080000, 0x0000000100000000)
  eden space 150016K, 0% used [0x00000000ec700000,0x00000000ec700000,0x00000000f5980000)
  from space 20992K, 99% used [0x00000000f7780000,0x00000000f8bfe690,0x00000000f8c00000)
  to   space 15360K, 0% used [0x00000000f9180000,0x00000000f9180000,0x00000000fa080000)
 ParOldGen       total 56320K, used 30389K [0x00000000c5400000, 0x00000000c8b00000, 0x00000000ec700000)
  object space 56320K, 53% used [0x00000000c5400000,0x00000000c71ad698,0x00000000c8b00000)
 Metaspace       used 25508K, capacity 26344K, committed 26416K, reserved 1073152K
  class space    used 2893K, capacity 3088K, committed 3120K, reserved 1048576K
GC Heap History (10 events):
Event: 4,122 GC heap after
Heap after GC invocations=7 (full 0):
 PSYoungGen      total 68608K, used 8688K [0x00000000ec700000, 0x00000000f5400000, 0x0000000100000000)
  eden space 59904K, 0% used [0x00000000ec700000,0x00000000ec700000,0x00000000f0180000)
  from space 8704K, 99% used [0x00000000f0180000,0x00000000f09fc010,0x00000000f0a00000)
  to   space 12288K, 0% used [0x00000000f4800000,0x00000000f4800000,0x00000000f5400000)
 ParOldGen       total 40960K, used 12761K [0x00000000c5400000, 0x00000000c7c00000, 0x00000000ec700000)
  object space 40960K, 31% used [0x00000000c5400000,0x00000000c6076430,0x00000000c7c00000)
 Metaspace       used 15289K, capacity 15580K, committed 15744K, reserved 1062912K
  class space    used 1796K, capacity 1889K, committed 1920K, reserved 1048576K
}
Event: 4,871 GC heap before
{Heap before GC invocations=8 (full 0):
 PSYoungGen      total 68608K, used 68592K [0x00000000ec700000, 0x00000000f5400000, 0x0000000100000000)
  eden space 59904K, 100% used [0x00000000ec700000,0x00000000f0180000,0x00000000f0180000)
  from space 8704K, 99% used [0x00000000f0180000,0x00000000f09fc010,0x00000000f0a00000)
  to   space 12288K, 0% used [0x00000000f4800000,0x00000000f4800000,0x00000000f5400000)
 ParOldGen       total 40960K, used 12761K [0x00000000c5400000, 0x00000000c7c00000, 0x00000000ec700000)
  object space 40960K, 31% used [0x00000000c5400000,0x00000000c6076430,0x00000000c7c00000)
 Metaspace       used 15739K, capacity 16096K, committed 16384K, reserved 1062912K
  class space    used 1810K, capacity 1927K, committed 2048K, reserved 1048576K
Event: 4,921 GC heap after
Heap after GC invocations=8 (full 0):
 PSYoungGen      total 129536K, used 12288K [0x00000000ec700000, 0x00000000f5900000, 0x0000000100000000)
  eden space 117248K, 0% used [0x00000000ec700000,0x00000000ec700000,0x00000000f3980000)
  from space 12288K, 100% used [0x00000000f4800000,0x00000000f5400000,0x00000000f5400000)
  to   space 14848K, 0% used [0x00000000f3980000,0x00000000f3980000,0x00000000f4800000)
 ParOldGen       total 40960K, used 13983K [0x00000000c5400000, 0x00000000c7c00000, 0x00000000ec700000)
  object space 40960K, 34% used [0x00000000c5400000,0x00000000c61a7f10,0x00000000c7c00000)
 Metaspace       used 15739K, capacity 16096K, committed 16384K, reserved 1062912K
  class space    used 1810K, capacity 1927K, committed 2048K, reserved 1048576K
}
Event: 6,735 GC heap before
{Heap before GC invocations=9 (full 0):
 PSYoungGen      total 129536K, used 113856K [0x00000000ec700000, 0x00000000f5900000, 0x0000000100000000)
  eden space 117248K, 86% used [0x00000000ec700000,0x00000000f2a303d8,0x00000000f3980000)
  from space 12288K, 100% used [0x00000000f4800000,0x00000000f5400000,0x00000000f5400000)
  to   space 14848K, 0% used [0x00000000f3980000,0x00000000f3980000,0x00000000f4800000)
 ParOldGen       total 40960K, used 13983K [0x00000000c5400000, 0x00000000c7c00000, 0x00000000ec700000)
  object space 40960K, 34% used [0x00000000c5400000,0x00000000c61a7f10,0x00000000c7c00000)
 Metaspace       used 20653K, capacity 21218K, committed 21296K, reserved 1069056K
  class space    used 2420K, capacity 2570K, committed 2608K, reserved 1048576K
Event: 6,764 GC heap after
Heap after GC invocations=9 (full 0):
 PSYoungGen      total 132096K, used 14837K [0x00000000ec700000, 0x00000000fa480000, 0x0000000100000000)
  eden space 117248K, 0% used [0x00000000ec700000,0x00000000ec700000,0x00000000f3980000)
  from space 14848K, 99% used [0x00000000f3980000,0x00000000f47fd710,0x00000000f4800000)
  to   space 19456K, 0% used [0x00000000f9180000,0x00000000f9180000,0x00000000fa480000)
 ParOldGen       total 40960K, used 19189K [0x00000000c5400000, 0x00000000c7c00000, 0x00000000ec700000)
  object space 40960K, 46% used [0x00000000c5400000,0x00000000c66bd590,0x00000000c7c00000)
 Metaspace       used 20653K, capacity 21218K, committed 21296K, reserved 1069056K
  class space    used 2420K, capacity 2570K, committed 2608K, reserved 1048576K
}
Event: 6,764 GC heap before
{Heap before GC invocations=10 (full 1):
 PSYoungGen      total 132096K, used 14837K [0x00000000ec700000, 0x00000000fa480000, 0x0000000100000000)
  eden space 117248K, 0% used [0x00000000ec700000,0x00000000ec700000,0x00000000f3980000)
  from space 14848K, 99% used [0x00000000f3980000,0x00000000f47fd710,0x00000000f4800000)
  to   space 19456K, 0% used [0x00000000f9180000,0x00000000f9180000,0x00000000fa480000)
 ParOldGen       total 40960K, used 19189K [0x00000000c5400000, 0x00000000c7c00000, 0x00000000ec700000)
  object space 40960K, 46% used [0x00000000c5400000,0x00000000c66bd590,0x00000000c7c00000)
 Metaspace       used 20653K, capacity 21218K, committed 21296K, reserved 1069056K
  class space    used 2420K, capacity 2570K, committed 2608K, reserved 1048576K
Event: 6,977 GC heap after
Heap after GC invocations=10 (full 1):
 PSYoungGen      total 132096K, used 0K [0x00000000ec700000, 0x00000000fa480000, 0x0000000100000000)
  eden space 117248K, 0% used [0x00000000ec700000,0x00000000ec700000,0x00000000f3980000)
  from space 14848K, 0% used [0x00000000f3980000,0x00000000f3980000,0x00000000f4800000)
  to   space 19456K, 0% used [0x00000000f9180000,0x00000000f9180000,0x00000000fa480000)
 ParOldGen       total 56320K, used 26240K [0x00000000c5400000, 0x00000000c8b00000, 0x00000000ec700000)
  object space 56320K, 46% used [0x00000000c5400000,0x00000000c6da02d0,0x00000000c8b00000)
 Metaspace       used 20653K, capacity 21218K, committed 21296K, reserved 1069056K
  class space    used 2420K, capacity 2570K, committed 2608K, reserved 1048576K
}
Event: 8,843 GC heap before
{Heap before GC invocations=11 (full 1):
 PSYoungGen      total 132096K, used 117248K [0x00000000ec700000, 0x00000000fa480000, 0x0000000100000000)
  eden space 117248K, 100% used [0x00000000ec700000,0x00000000f3980000,0x00000000f3980000)
  from space 14848K, 0% used [0x00000000f3980000,0x00000000f3980000,0x00000000f4800000)
  to   space 19456K, 0% used [0x00000000f9180000,0x00000000f9180000,0x00000000fa480000)
 ParOldGen       total 56320K, used 26240K [0x00000000c5400000, 0x00000000c8b00000, 0x00000000ec700000)
  object space 56320K, 46% used [0x00000000c5400000,0x00000000c6da02d0,0x00000000c8b00000)
 Metaspace       used 23356K, capacity 23974K, committed 24240K, reserved 1071104K
  class space    used 2690K, capacity 2870K, committed 2992K, reserved 1048576K
Event: 8,874 GC heap after
Heap after GC invocations=11 (full 1):
 PSYoungGen      total 165376K, used 14921K [0x00000000ec700000, 0x00000000fa080000, 0x0000000100000000)
  eden space 150016K, 0% used [0x00000000ec700000,0x00000000ec700000,0x00000000f5980000)
  from space 15360K, 97% used [0x00000000f9180000,0x00000000fa0127a8,0x00000000fa080000)
  to   space 20992K, 0% used [0x00000000f7780000,0x00000000f7780000,0x00000000f8c00000)
 ParOldGen       total 56320K, used 26248K [0x00000000c5400000, 0x00000000c8b00000, 0x00000000ec700000)
  object space 56320K, 46% used [0x00000000c5400000,0x00000000c6da22d0,0x00000000c8b00000)
 Metaspace       used 23356K, capacity 23974K, committed 24240K, reserved 1071104K
  class space    used 2690K, capacity 2870K, committed 2992K, reserved 1048576K
}
Event: 22,957 GC heap before
{Heap before GC invocations=12 (full 1):
 PSYoungGen      total 165376K, used 164937K [0x00000000ec700000, 0x00000000fa080000, 0x0000000100000000)
  eden space 150016K, 100% used [0x00000000ec700000,0x00000000f5980000,0x00000000f5980000)
  from space 15360K, 97% used [0x00000000f9180000,0x00000000fa0127a8,0x00000000fa080000)
  to   space 20992K, 0% used [0x00000000f7780000,0x00000000f7780000,0x00000000f8c00000)
 ParOldGen       total 56320K, used 26248K [0x00000000c5400000, 0x00000000c8b00000, 0x00000000ec700000)
  object space 56320K, 46% used [0x00000000c5400000,0x00000000c6da22d0,0x00000000c8b00000)
 Metaspace       used 25508K, capacity 26344K, committed 26416K, reserved 1073152K
  class space    used 2893K, capacity 3088K, committed 3120K, reserved 1048576K

