# JRE version: OpenJDK Runtime Environment (8.0_242-b08) (build 1.8.0_242-8u242-b08-0ubuntu3~16.04-b08)
# Java VM: OpenJDK 64-Bit Server VM (25.242-b08 mixed mode linux-amd64 compressed oops)
Heap:
 PSYoungGen      total 133632K, used 6649K [0x00000000ec700000, 0x00000000f5400000, 0x0000000100000000)
  eden space 122880K, 0% used [0x00000000ec700000,0x00000000ec700000,0x00000000f3f00000)
  from space 10752K, 61% used [0x00000000f3f00000,0x00000000f457e518,0x00000000f4980000)
  to   space 10240K, 0% used [0x00000000f4a00000,0x00000000f4a00000,0x00000000f5400000)
 ParOldGen       total 40960K, used 13970K [0x00000000c5400000, 0x00000000c7c00000, 0x00000000ec700000)
  object space 40960K, 34% used [0x00000000c5400000,0x00000000c61a4a38,0x00000000c7c00000)
 Metaspace       used 20847K, capacity 21226K, committed 21296K, reserved 1069056K
  class space    used 2493K, capacity 2582K, committed 2608K, reserved 1048576K
GC Heap History (10 events):
Event: 0,958 GC heap after
Heap after GC invocations=2 (full 0):
 PSYoungGen      total 33280K, used 2002K [0x00000000ec700000, 0x00000000eea00000, 0x0000000100000000)
  eden space 30720K, 0% used [0x00000000ec700000,0x00000000ec700000,0x00000000ee500000)
  from space 2560K, 78% used [0x00000000ee780000,0x00000000ee974818,0x00000000eea00000)
  to   space 2560K, 0% used [0x00000000ee500000,0x00000000ee500000,0x00000000ee780000)
 ParOldGen       total 40960K, used 16K [0x00000000c5400000, 0x00000000c7c00000, 0x00000000ec700000)
  object space 40960K, 0% used [0x00000000c5400000,0x00000000c5404000,0x00000000c7c00000)
 Metaspace       used 6252K, capacity 6402K, committed 6656K, reserved 1056768K
  class space    used 708K, capacity 727K, committed 768K, reserved 1048576K
}
Event: 1,334 GC heap before
{Heap before GC invocations=3 (full 0):
 PSYoungGen      total 33280K, used 32722K [0x00000000ec700000, 0x00000000eea00000, 0x0000000100000000)
  eden space 30720K, 100% used [0x00000000ec700000,0x00000000ee500000,0x00000000ee500000)
  from space 2560K, 78% used [0x00000000ee780000,0x00000000ee974818,0x00000000eea00000)
  to   space 2560K, 0% used [0x00000000ee500000,0x00000000ee500000,0x00000000ee780000)
 ParOldGen       total 40960K, used 16K [0x00000000c5400000, 0x00000000c7c00000, 0x00000000ec700000)
  object space 40960K, 0% used [0x00000000c5400000,0x00000000c5404000,0x00000000c7c00000)
 Metaspace       used 8652K, capacity 8840K, committed 8960K, reserved 1056768K
  class space    used 942K, capacity 985K, committed 1024K, reserved 1048576K
Event: 1,340 GC heap after
Heap after GC invocations=3 (full 0):
 PSYoungGen      total 33280K, used 2544K [0x00000000ec700000, 0x00000000f0800000, 0x0000000100000000)
  eden space 30720K, 0% used [0x00000000ec700000,0x00000000ec700000,0x00000000ee500000)
  from space 2560K, 99% used [0x00000000ee500000,0x00000000ee77c248,0x00000000ee780000)
  to   space 2560K, 0% used [0x00000000f0580000,0x00000000f0580000,0x00000000f0800000)
 ParOldGen       total 40960K, used 1732K [0x00000000c5400000, 0x00000000c7c00000, 0x00000000ec700000)
  object space 40960K, 4% used [0x00000000c5400000,0x00000000c55b11c8,0x00000000c7c00000)
 Metaspace       used 8652K, capacity 8840K, committed 8960K, reserved 1056768K
  class space    used 942K, capacity 985K, committed 1024K, reserved 1048576K
}
Event: 1,792 GC heap before
{Heap before GC invocations=4 (full 0):
 PSYoungGen      total 33280K, used 33264K [0x00000000ec700000, 0x00000000f0800000, 0x0000000100000000)
  eden space 30720K, 100% used [0x00000000ec700000,0x00000000ee500000,0x00000000ee500000)
  from space 2560K, 99% used [0x00000000ee500000,0x00000000ee77c248,0x00000000ee780000)
  to   space 2560K, 0% used [0x00000000f0580000,0x00000000f0580000,0x00000000f0800000)
 ParOldGen       total 40960K, used 1732K [0x00000000c5400000, 0x00000000c7c00000, 0x00000000ec700000)
  object space 40960K, 4% used [0x00000000c5400000,0x00000000c55b11c8,0x00000000c7c00000)
 Metaspace       used 12194K, capacity 12328K, committed 12544K, reserved 1060864K
  class space    used 1444K, capacity 1465K, committed 1536K, reserved 1048576K
Event: 1,799 GC heap after
Heap after GC invocations=4 (full 0):
 PSYoungGen      total 64000K, used 2528K [0x00000000ec700000, 0x00000000f0800000, 0x0000000100000000)
  eden space 61440K, 0% used [0x00000000ec700000,0x00000000ec700000,0x00000000f0300000)
  from space 2560K, 98% used [0x00000000f0580000,0x00000000f07f8338,0x00000000f0800000)
  to   space 2560K, 0% used [0x00000000f0300000,0x00000000f0300000,0x00000000f0580000)
 ParOldGen       total 40960K, used 5328K [0x00000000c5400000, 0x00000000c7c00000, 0x00000000ec700000)
  object space 40960K, 13% used [0x00000000c5400000,0x00000000c59340c8,0x00000000c7c00000)
 Metaspace       used 12194K, capacity 12328K, committed 12544K, reserved 1060864K
  class space    used 1444K, capacity 1465K, committed 1536K, reserved 1048576K
}
Event: 2,846 GC heap before
{Heap before GC invocations=5 (full 0):
 PSYoungGen      total 64000K, used 63968K [0x00000000ec700000, 0x00000000f0800000, 0x0000000100000000)
  eden space 61440K, 100% used [0x00000000ec700000,0x00000000f0300000,0x00000000f0300000)
  from space 2560K, 98% used [0x00000000f0580000,0x00000000f07f8338,0x00000000f0800000)
  to   space 2560K, 0% used [0x00000000f0300000,0x00000000f0300000,0x00000000f0580000)
 ParOldGen       total 40960K, used 5328K [0x00000000c5400000, 0x00000000c7c00000, 0x00000000ec700000)
  object space 40960K, 13% used [0x00000000c5400000,0x00000000c59340c8,0x00000000c7c00000)
 Metaspace       used 18303K, capacity 18546K, committed 18688K, reserved 1064960K
  class space    used 2171K, capacity 2192K, committed 2304K, reserved 1048576K
Event: 2,879 GC heap after
Heap after GC invocations=5 (full 0):
 PSYoungGen      total 64000K, used 2544K [0x00000000ec700000, 0x00000000f5500000, 0x0000000100000000)
  eden space 61440K, 0% used [0x00000000ec700000,0x00000000ec700000,0x00000000f0300000)
  from space 2560K, 99% used [0x00000000f0300000,0x00000000f057c030,0x00000000f0580000)
  to   space 11264K, 0% used [0x00000000f4a00000,0x00000000f4a00000,0x00000000f5500000)
 ParOldGen       total 40960K, used 13472K [0x00000000c5400000, 0x00000000c7c00000, 0x00000000ec700000)
  object space 40960K, 32% used [0x00000000c5400000,0x00000000c6128010,0x00000000c7c00000)
 Metaspace       used 18303K, capacity 18546K, committed 18688K, reserved 1064960K
  class space    used 2171K, capacity 2192K, committed 2304K, reserved 1048576K
}
Event: 3,576 GC heap before
{Heap before GC invocations=6 (full 0):
 PSYoungGen      total 64000K, used 63984K [0x00000000ec700000, 0x00000000f5500000, 0x0000000100000000)
  eden space 61440K, 100% used [0x00000000ec700000,0x00000000f0300000,0x00000000f0300000)
  from space 2560K, 99% used [0x00000000f0300000,0x00000000f057c030,0x00000000f0580000)
  to   space 11264K, 0% used [0x00000000f4a00000,0x00000000f4a00000,0x00000000f5500000)
 ParOldGen       total 40960K, used 13472K [0x00000000c5400000, 0x00000000c7c00000, 0x00000000ec700000)
  object space 40960K, 32% used [0x00000000c5400000,0x00000000c6128010,0x00000000c7c00000)
 Metaspace       used 19578K, capacity 19944K, committed 20096K, reserved 1067008K
  class space    used 2324K, capacity 2415K, committed 2432K, reserved 1048576K
Event: 3,593 GC heap after
Heap after GC invocations=6 (full 0):
 PSYoungGen      total 133120K, used 5705K [0x00000000ec700000, 0x00000000f5400000, 0x0000000100000000)
  eden space 122880K, 0% used [0x00000000ec700000,0x00000000ec700000,0x00000000f3f00000)
  from space 10240K, 55% used [0x00000000f4a00000,0x00000000f4f927d0,0x00000000f5400000)
  to   space 10752K, 0% used [0x00000000f3f00000,0x00000000f3f00000,0x00000000f4980000)
 ParOldGen       total 40960K, used 13480K [0x00000000c5400000, 0x00000000c7c00000, 0x00000000ec700000)
  object space 40960K, 32% used [0x00000000c5400000,0x00000000c612a010,0x00000000c7c00000)
 Metaspace       used 19578K, capacity 19944K, committed 20096K, reserved 1067008K
  class space    used 2324K, capacity 2415K, committed 2432K, reserved 1048576K
}
Event: 4,398 GC heap before
{Heap before GC invocations=7 (full 0):
 PSYoungGen      total 133120K, used 97414K [0x00000000ec700000, 0x00000000f5400000, 0x0000000100000000)
  eden space 122880K, 74% used [0x00000000ec700000,0x00000000f208f0a0,0x00000000f3f00000)
  from space 10240K, 55% used [0x00000000f4a00000,0x00000000f4f927d0,0x00000000f5400000)
  to   space 10752K, 0% used [0x00000000f3f00000,0x00000000f3f00000,0x00000000f4980000)
 ParOldGen       total 40960K, used 13480K [0x00000000c5400000, 0x00000000c7c00000, 0x00000000ec700000)
  object space 40960K, 32% used [0x00000000c5400000,0x00000000c612a010,0x00000000c7c00000)
 Metaspace       used 20847K, capacity 21226K, committed 21296K, reserved 1069056K
  class space    used 2493K, capacity 2582K, committed 2608K, reserved 1048576K

