# JRE version: OpenJDK Runtime Environment (8.0_242-b08) (build 1.8.0_242-8u242-b08-0ubuntu3~16.04-b08)
# Java VM: OpenJDK 64-Bit Server VM (25.242-b08 mixed mode linux-amd64 compressed oops)
Heap:
 PSYoungGen      total 64000K, used 2533K [0x00000000fab00000, 0x00000000fec00000, 0x0000000100000000)
  eden space 61440K, 0% used [0x00000000fab00000,0x00000000fab00000,0x00000000fe700000)
  from space 2560K, 98% used [0x00000000fe700000,0x00000000fe9794f0,0x00000000fe980000)
  to   space 2560K, 0% used [0x00000000fe980000,0x00000000fe980000,0x00000000fec00000)
 ParOldGen       total 40960K, used 8574K [0x00000000f0000000, 0x00000000f2800000, 0x00000000fab00000)
  object space 40960K, 20% used [0x00000000f0000000,0x00000000f085fb48,0x00000000f2800000)
 Metaspace       used 17937K, capacity 19116K, committed 19328K, reserved 1067008K
  class space    used 2372K, capacity 2605K, committed 2688K, reserved 1048576K
GC Heap History (9 events):
Event: 0,598 GC heap before
{Heap before GC invocations=1 (full 0):
 PSYoungGen      total 17920K, used 15360K [0x00000000fab00000, 0x00000000fbf00000, 0x0000000100000000)
  eden space 15360K, 100% used [0x00000000fab00000,0x00000000fba00000,0x00000000fba00000)
  from space 2560K, 0% used [0x00000000fbc80000,0x00000000fbc80000,0x00000000fbf00000)
  to   space 2560K, 0% used [0x00000000fba00000,0x00000000fba00000,0x00000000fbc80000)
 ParOldGen       total 40960K, used 0K [0x00000000f0000000, 0x00000000f2800000, 0x00000000fab00000)
  object space 40960K, 0% used [0x00000000f0000000,0x00000000f0000000,0x00000000f2800000)
 Metaspace       used 6280K, capacity 6524K, committed 6784K, reserved 1056768K
  class space    used 711K, capacity 792K, committed 896K, reserved 1048576K
Event: 0,606 GC heap after
Heap after GC invocations=1 (full 0):
 PSYoungGen      total 17920K, used 2457K [0x00000000fab00000, 0x00000000fce00000, 0x0000000100000000)
  eden space 15360K, 0% used [0x00000000fab00000,0x00000000fab00000,0x00000000fba00000)
  from space 2560K, 95% used [0x00000000fba00000,0x00000000fbc66630,0x00000000fbc80000)
  to   space 2560K, 0% used [0x00000000fcb80000,0x00000000fcb80000,0x00000000fce00000)
 ParOldGen       total 40960K, used 8K [0x00000000f0000000, 0x00000000f2800000, 0x00000000fab00000)
  object space 40960K, 0% used [0x00000000f0000000,0x00000000f0002000,0x00000000f2800000)
 Metaspace       used 6280K, capacity 6524K, committed 6784K, reserved 1056768K
  class space    used 711K, capacity 792K, committed 896K, reserved 1048576K
}
Event: 1,090 GC heap before
{Heap before GC invocations=2 (full 0):
 PSYoungGen      total 17920K, used 17817K [0x00000000fab00000, 0x00000000fce00000, 0x0000000100000000)
  eden space 15360K, 100% used [0x00000000fab00000,0x00000000fba00000,0x00000000fba00000)
  from space 2560K, 95% used [0x00000000fba00000,0x00000000fbc66630,0x00000000fbc80000)
  to   space 2560K, 0% used [0x00000000fcb80000,0x00000000fcb80000,0x00000000fce00000)
 ParOldGen       total 40960K, used 8K [0x00000000f0000000, 0x00000000f2800000, 0x00000000fab00000)
  object space 40960K, 0% used [0x00000000f0000000,0x00000000f0002000,0x00000000f2800000)
 Metaspace       used 8304K, capacity 8840K, committed 9088K, reserved 1056768K
  class space    used 1004K, capacity 1124K, committed 1152K, reserved 1048576K
Event: 1,098 GC heap after
Heap after GC invocations=2 (full 0):
 PSYoungGen      total 33280K, used 2536K [0x00000000fab00000, 0x00000000fce00000, 0x0000000100000000)
  eden space 30720K, 0% used [0x00000000fab00000,0x00000000fab00000,0x00000000fc900000)
  from space 2560K, 99% used [0x00000000fcb80000,0x00000000fcdfa0b8,0x00000000fce00000)
  to   space 2560K, 0% used [0x00000000fc900000,0x00000000fc900000,0x00000000fcb80000)
 ParOldGen       total 40960K, used 88K [0x00000000f0000000, 0x00000000f2800000, 0x00000000fab00000)
  object space 40960K, 0% used [0x00000000f0000000,0x00000000f00163b0,0x00000000f2800000)
 Metaspace       used 8304K, capacity 8840K, committed 9088K, reserved 1056768K
  class space    used 1004K, capacity 1124K, committed 1152K, reserved 1048576K
}
Event: 1,768 GC heap before
{Heap before GC invocations=3 (full 0):
 PSYoungGen      total 33280K, used 33256K [0x00000000fab00000, 0x00000000fce00000, 0x0000000100000000)
  eden space 30720K, 100% used [0x00000000fab00000,0x00000000fc900000,0x00000000fc900000)
  from space 2560K, 99% used [0x00000000fcb80000,0x00000000fcdfa0b8,0x00000000fce00000)
  to   space 2560K, 0% used [0x00000000fc900000,0x00000000fc900000,0x00000000fcb80000)
 ParOldGen       total 40960K, used 88K [0x00000000f0000000, 0x00000000f2800000, 0x00000000fab00000)
  object space 40960K, 0% used [0x00000000f0000000,0x00000000f00163b0,0x00000000f2800000)
 Metaspace       used 11183K, capacity 12048K, committed 12416K, reserved 1060864K
  class space    used 1385K, capacity 1589K, committed 1664K, reserved 1048576K
Event: 1,792 GC heap after
Heap after GC invocations=3 (full 0):
 PSYoungGen      total 33280K, used 2554K [0x00000000fab00000, 0x00000000fec00000, 0x0000000100000000)
  eden space 30720K, 0% used [0x00000000fab00000,0x00000000fab00000,0x00000000fc900000)
  from space 2560K, 99% used [0x00000000fc900000,0x00000000fcb7ea90,0x00000000fcb80000)
  to   space 2560K, 0% used [0x00000000fe980000,0x00000000fe980000,0x00000000fec00000)
 ParOldGen       total 40960K, used 1900K [0x00000000f0000000, 0x00000000f2800000, 0x00000000fab00000)
  object space 40960K, 4% used [0x00000000f0000000,0x00000000f01db358,0x00000000f2800000)
 Metaspace       used 11183K, capacity 12048K, committed 12416K, reserved 1060864K
  class space    used 1385K, capacity 1589K, committed 1664K, reserved 1048576K
}
Event: 2,356 GC heap before
{Heap before GC invocations=4 (full 0):
 PSYoungGen      total 33280K, used 33274K [0x00000000fab00000, 0x00000000fec00000, 0x0000000100000000)
  eden space 30720K, 100% used [0x00000000fab00000,0x00000000fc900000,0x00000000fc900000)
  from space 2560K, 99% used [0x00000000fc900000,0x00000000fcb7ea90,0x00000000fcb80000)
  to   space 2560K, 0% used [0x00000000fe980000,0x00000000fe980000,0x00000000fec00000)
 ParOldGen       total 40960K, used 1900K [0x00000000f0000000, 0x00000000f2800000, 0x00000000fab00000)
  object space 40960K, 4% used [0x00000000f0000000,0x00000000f01db358,0x00000000f2800000)
 Metaspace       used 13938K, capacity 14916K, committed 15104K, reserved 1062912K
  class space    used 1725K, capacity 1947K, committed 2048K, reserved 1048576K
Event: 2,367 GC heap after
Heap after GC invocations=4 (full 0):
 PSYoungGen      total 64000K, used 2548K [0x00000000fab00000, 0x00000000fec00000, 0x0000000100000000)
  eden space 61440K, 0% used [0x00000000fab00000,0x00000000fab00000,0x00000000fe700000)
  from space 2560K, 99% used [0x00000000fe980000,0x00000000febfd390,0x00000000fec00000)
  to   space 2560K, 0% used [0x00000000fe700000,0x00000000fe700000,0x00000000fe980000)
 ParOldGen       total 40960K, used 4175K [0x00000000f0000000, 0x00000000f2800000, 0x00000000fab00000)
  object space 40960K, 10% used [0x00000000f0000000,0x00000000f0413c48,0x00000000f2800000)
 Metaspace       used 13938K, capacity 14916K, committed 15104K, reserved 1062912K
  class space    used 1725K, capacity 1947K, committed 2048K, reserved 1048576K
}
Event: 4,304 GC heap before
{Heap before GC invocations=5 (full 0):
 PSYoungGen      total 64000K, used 63988K [0x00000000fab00000, 0x00000000fec00000, 0x0000000100000000)
  eden space 61440K, 100% used [0x00000000fab00000,0x00000000fe700000,0x00000000fe700000)
  from space 2560K, 99% used [0x00000000fe980000,0x00000000febfd390,0x00000000fec00000)
  to   space 2560K, 0% used [0x00000000fe700000,0x00000000fe700000,0x00000000fe980000)
 ParOldGen       total 40960K, used 4175K [0x00000000f0000000, 0x00000000f2800000, 0x00000000fab00000)
  object space 40960K, 10% used [0x00000000f0000000,0x00000000f0413c48,0x00000000f2800000)
 Metaspace       used 17937K, capacity 19116K, committed 19328K, reserved 1067008K
  class space    used 2372K, capacity 2605K, committed 2688K, reserved 1048576K

