# JRE version: OpenJDK Runtime Environment (8.0_242-b08) (build 1.8.0_242-8u242-b08-0ubuntu3~16.04-b08)
# Java VM: OpenJDK 64-Bit Server VM (25.242-b08 mixed mode linux-amd64 compressed oops)
Heap:
 PSYoungGen      total 64000K, used 2535K [0x00000000ec700000, 0x00000000f0800000, 0x0000000100000000)
  eden space 61440K, 0% used [0x00000000ec700000,0x00000000ec700000,0x00000000f0300000)
  from space 2560K, 99% used [0x00000000f0300000,0x00000000f0579f88,0x00000000f0580000)
  to   space 2560K, 0% used [0x00000000f0580000,0x00000000f0580000,0x00000000f0800000)
 ParOldGen       total 40960K, used 8538K [0x00000000c5400000, 0x00000000c7c00000, 0x00000000ec700000)
  object space 40960K, 20% used [0x00000000c5400000,0x00000000c5c56800,0x00000000c7c00000)
 Metaspace       used 17958K, capacity 19198K, committed 19328K, reserved 1067008K
  class space    used 2368K, capacity 2604K, committed 2688K, reserved 1048576K
GC Heap History (9 events):
Event: 0,619 GC heap before
{Heap before GC invocations=1 (full 0):
 PSYoungGen      total 17920K, used 15333K [0x00000000ec700000, 0x00000000edb00000, 0x0000000100000000)
  eden space 15360K, 99% used [0x00000000ec700000,0x00000000ed5f9648,0x00000000ed600000)
  from space 2560K, 0% used [0x00000000ed880000,0x00000000ed880000,0x00000000edb00000)
  to   space 2560K, 0% used [0x00000000ed600000,0x00000000ed600000,0x00000000ed880000)
 ParOldGen       total 40960K, used 0K [0x00000000c5400000, 0x00000000c7c00000, 0x00000000ec700000)
  object space 40960K, 0% used [0x00000000c5400000,0x00000000c5400000,0x00000000c7c00000)
 Metaspace       used 6300K, capacity 6598K, committed 6784K, reserved 1056768K
  class space    used 709K, capacity 791K, committed 896K, reserved 1048576K
Event: 0,628 GC heap after
Heap after GC invocations=1 (full 0):
 PSYoungGen      total 17920K, used 2383K [0x00000000ec700000, 0x00000000eea00000, 0x0000000100000000)
  eden space 15360K, 0% used [0x00000000ec700000,0x00000000ec700000,0x00000000ed600000)
  from space 2560K, 93% used [0x00000000ed600000,0x00000000ed853df8,0x00000000ed880000)
  to   space 2560K, 0% used [0x00000000ee780000,0x00000000ee780000,0x00000000eea00000)
 ParOldGen       total 40960K, used 8K [0x00000000c5400000, 0x00000000c7c00000, 0x00000000ec700000)
  object space 40960K, 0% used [0x00000000c5400000,0x00000000c5402000,0x00000000c7c00000)
 Metaspace       used 6300K, capacity 6598K, committed 6784K, reserved 1056768K
  class space    used 709K, capacity 791K, committed 896K, reserved 1048576K
}
Event: 1,081 GC heap before
{Heap before GC invocations=2 (full 0):
 PSYoungGen      total 17920K, used 17743K [0x00000000ec700000, 0x00000000eea00000, 0x0000000100000000)
  eden space 15360K, 100% used [0x00000000ec700000,0x00000000ed600000,0x00000000ed600000)
  from space 2560K, 93% used [0x00000000ed600000,0x00000000ed853df8,0x00000000ed880000)
  to   space 2560K, 0% used [0x00000000ee780000,0x00000000ee780000,0x00000000eea00000)
 ParOldGen       total 40960K, used 8K [0x00000000c5400000, 0x00000000c7c00000, 0x00000000ec700000)
  object space 40960K, 0% used [0x00000000c5400000,0x00000000c5402000,0x00000000c7c00000)
 Metaspace       used 8327K, capacity 8872K, committed 9088K, reserved 1056768K
  class space    used 1006K, capacity 1130K, committed 1152K, reserved 1048576K
Event: 1,087 GC heap after
Heap after GC invocations=2 (full 0):
 PSYoungGen      total 33280K, used 2530K [0x00000000ec700000, 0x00000000eea00000, 0x0000000100000000)
  eden space 30720K, 0% used [0x00000000ec700000,0x00000000ec700000,0x00000000ee500000)
  from space 2560K, 98% used [0x00000000ee780000,0x00000000ee9f89c8,0x00000000eea00000)
  to   space 2560K, 0% used [0x00000000ee500000,0x00000000ee500000,0x00000000ee780000)
 ParOldGen       total 40960K, used 136K [0x00000000c5400000, 0x00000000c7c00000, 0x00000000ec700000)
  object space 40960K, 0% used [0x00000000c5400000,0x00000000c54220b8,0x00000000c7c00000)
 Metaspace       used 8327K, capacity 8872K, committed 9088K, reserved 1056768K
  class space    used 1006K, capacity 1130K, committed 1152K, reserved 1048576K
}
Event: 1,651 GC heap before
{Heap before GC invocations=3 (full 0):
 PSYoungGen      total 33280K, used 33250K [0x00000000ec700000, 0x00000000eea00000, 0x0000000100000000)
  eden space 30720K, 100% used [0x00000000ec700000,0x00000000ee500000,0x00000000ee500000)
  from space 2560K, 98% used [0x00000000ee780000,0x00000000ee9f89c8,0x00000000eea00000)
  to   space 2560K, 0% used [0x00000000ee500000,0x00000000ee500000,0x00000000ee780000)
 ParOldGen       total 40960K, used 136K [0x00000000c5400000, 0x00000000c7c00000, 0x00000000ec700000)
  object space 40960K, 0% used [0x00000000c5400000,0x00000000c54220b8,0x00000000c7c00000)
 Metaspace       used 11179K, capacity 12134K, committed 12416K, reserved 1060864K
  class space    used 1382K, capacity 1588K, committed 1664K, reserved 1048576K
Event: 1,658 GC heap after
Heap after GC invocations=3 (full 0):
 PSYoungGen      total 33280K, used 2535K [0x00000000ec700000, 0x00000000f0800000, 0x0000000100000000)
  eden space 30720K, 0% used [0x00000000ec700000,0x00000000ec700000,0x00000000ee500000)
  from space 2560K, 99% used [0x00000000ee500000,0x00000000ee779e78,0x00000000ee780000)
  to   space 2560K, 0% used [0x00000000f0580000,0x00000000f0580000,0x00000000f0800000)
 ParOldGen       total 40960K, used 1974K [0x00000000c5400000, 0x00000000c7c00000, 0x00000000ec700000)
  object space 40960K, 4% used [0x00000000c5400000,0x00000000c55edbe0,0x00000000c7c00000)
 Metaspace       used 11179K, capacity 12134K, committed 12416K, reserved 1060864K
  class space    used 1382K, capacity 1588K, committed 1664K, reserved 1048576K
}
Event: 2,076 GC heap before
{Heap before GC invocations=4 (full 0):
 PSYoungGen      total 33280K, used 33255K [0x00000000ec700000, 0x00000000f0800000, 0x0000000100000000)
  eden space 30720K, 100% used [0x00000000ec700000,0x00000000ee500000,0x00000000ee500000)
  from space 2560K, 99% used [0x00000000ee500000,0x00000000ee779e78,0x00000000ee780000)
  to   space 2560K, 0% used [0x00000000f0580000,0x00000000f0580000,0x00000000f0800000)
 ParOldGen       total 40960K, used 1974K [0x00000000c5400000, 0x00000000c7c00000, 0x00000000ec700000)
  object space 40960K, 4% used [0x00000000c5400000,0x00000000c55edbe0,0x00000000c7c00000)
 Metaspace       used 13934K, capacity 14934K, committed 15104K, reserved 1062912K
  class space    used 1724K, capacity 1946K, committed 2048K, reserved 1048576K
Event: 2,083 GC heap after
Heap after GC invocations=4 (full 0):
 PSYoungGen      total 64000K, used 2546K [0x00000000ec700000, 0x00000000f0800000, 0x0000000100000000)
  eden space 61440K, 0% used [0x00000000ec700000,0x00000000ec700000,0x00000000f0300000)
  from space 2560K, 99% used [0x00000000f0580000,0x00000000f07fc8d8,0x00000000f0800000)
  to   space 2560K, 0% used [0x00000000f0300000,0x00000000f0300000,0x00000000f0580000)
 ParOldGen       total 40960K, used 4246K [0x00000000c5400000, 0x00000000c7c00000, 0x00000000ec700000)
  object space 40960K, 10% used [0x00000000c5400000,0x00000000c5825ac0,0x00000000c7c00000)
 Metaspace       used 13934K, capacity 14934K, committed 15104K, reserved 1062912K
  class space    used 1724K, capacity 1946K, committed 2048K, reserved 1048576K
}
Event: 2,780 GC heap before
{Heap before GC invocations=5 (full 0):
 PSYoungGen      total 64000K, used 63986K [0x00000000ec700000, 0x00000000f0800000, 0x0000000100000000)
  eden space 61440K, 100% used [0x00000000ec700000,0x00000000f0300000,0x00000000f0300000)
  from space 2560K, 99% used [0x00000000f0580000,0x00000000f07fc8d8,0x00000000f0800000)
  to   space 2560K, 0% used [0x00000000f0300000,0x00000000f0300000,0x00000000f0580000)
 ParOldGen       total 40960K, used 4246K [0x00000000c5400000, 0x00000000c7c00000, 0x00000000ec700000)
  object space 40960K, 10% used [0x00000000c5400000,0x00000000c5825ac0,0x00000000c7c00000)
 Metaspace       used 17958K, capacity 19198K, committed 19328K, reserved 1067008K
  class space    used 2368K, capacity 2604K, committed 2688K, reserved 1048576K

